<?xml version="1.0" encoding="UTF-8"?>
<!-- Generated by org.testng.reporters.JUnitReportReporter -->
<testsuite skipped="0" hostname="DVTLBP58JR2" name="za.co.nedbank.Demo.AppTest" tests="1" failures="0" timestamp="05 Jun 2019 19:39:31 GMT" time="0.000" errors="0">
  <testcase name="exampleOfTestNgMaven" time="0.000" classname="za.co.nedbank.Demo.AppTest"/>
</testsuite> <!-- za.co.nedbank.Demo.AppTest -->
